<?xml version="1.0" encoding="UTF-8" ?>
<testsuite failures="1" time="18.832" errors="0" skipped="0" tests="1" name="com.rq.selenium.corp.WhenSearchingForDrupalUsingGoogleTest">
  <properties>
    <property name="java.runtime.name" value="Java(TM) SE Runtime Environment"/>
    <property name="sun.boot.library.path" value="/System/Library/Java/JavaVirtualMachines/1.6.0.jdk/Contents/Libraries"/>
    <property name="java.vm.version" value="20.4-b02-402"/>
    <property name="awt.nativeDoubleBuffering" value="true"/>
    <property name="gopherProxySet" value="false"/>
    <property name="mrj.build" value="11M3527"/>
    <property name="java.vm.vendor" value="Apple Inc."/>
    <property name="java.vendor.url" value="http://www.apple.com/"/>
    <property name="path.separator" value=":"/>
    <property name="java.vm.name" value="Java HotSpot(TM) 64-Bit Server VM"/>
    <property name="file.encoding.pkg" value="sun.io"/>
    <property name="user.country" value="US"/>
    <property name="sun.java.launcher" value="SUN_STANDARD"/>
    <property name="sun.os.patch.level" value="unknown"/>
    <property name="java.vm.specification.name" value="Java Virtual Machine Specification"/>
    <property name="user.dir" value="/Users/kaleeswaran/Documents/workspace/corp"/>
    <property name="java.runtime.version" value="1.6.0_29-b11-402-11M3527"/>
    <property name="java.awt.graphicsenv" value="apple.awt.CGraphicsEnvironment"/>
    <property name="basedir" value="/Users/kaleeswaran/Documents/workspace/corp"/>
    <property name="java.endorsed.dirs" value="/System/Library/Java/JavaVirtualMachines/1.6.0.jdk/Contents/Home/lib/endorsed"/>
    <property name="os.arch" value="x86_64"/>
    <property name="surefire.real.class.path" value="/Users/kaleeswaran/Documents/workspace/corp/target/surefire/surefirebooter2366867718306887474.jar"/>
    <property name="java.io.tmpdir" value="/var/folders/k2/6v4v3x3d3771n10wpyjlf_3c0000gq/T/"/>
    <property name="line.separator" value="
"/>
    <property name="java.vm.specification.vendor" value="Sun Microsystems Inc."/>
    <property name="os.name" value="Mac OS X"/>
    <property name="org.openqa.jetty.http.HttpRequest.maxFormContentSize" value="0"/>
    <property name="sun.jnu.encoding" value="MacRoman"/>
    <property name="java.library.path" value=".:/Library/Java/Extensions:/System/Library/Java/Extensions:/usr/lib/java"/>
    <property name="surefire.test.class.path" value="/Users/kaleeswaran/Documents/workspace/corp/target/test-classes:/Users/kaleeswaran/Documents/workspace/corp/target/classes:/Users/kaleeswaran/.m2/repository/junit/junit/4.9/junit-4.9.jar:/Users/kaleeswaran/.m2/repository/org/hamcrest/hamcrest-core/1.1/hamcrest-core-1.1.jar:/Users/kaleeswaran/.m2/repository/org/seleniumhq/selenium/selenium-java/2.21.0/selenium-java-2.21.0.jar:/Users/kaleeswaran/.m2/repository/org/seleniumhq/selenium/selenium-android-driver/2.21.0/selenium-android-driver-2.21.0.jar:/Users/kaleeswaran/.m2/repository/org/seleniumhq/selenium/selenium-chrome-driver/2.21.0/selenium-chrome-driver-2.21.0.jar:/Users/kaleeswaran/.m2/repository/org/seleniumhq/selenium/selenium-htmlunit-driver/2.21.0/selenium-htmlunit-driver-2.21.0.jar:/Users/kaleeswaran/.m2/repository/org/seleniumhq/selenium/selenium-api/2.21.0/selenium-api-2.21.0.jar:/Users/kaleeswaran/.m2/repository/net/sourceforge/htmlunit/htmlunit/2.9/htmlunit-2.9.jar:/Users/kaleeswaran/.m2/repository/xalan/xalan/2.7.1/xalan-2.7.1.jar:/Users/kaleeswaran/.m2/repository/xalan/serializer/2.7.1/serializer-2.7.1.jar:/Users/kaleeswaran/.m2/repository/commons-collections/commons-collections/3.2.1/commons-collections-3.2.1.jar:/Users/kaleeswaran/.m2/repository/commons-lang/commons-lang/2.6/commons-lang-2.6.jar:/Users/kaleeswaran/.m2/repository/org/apache/httpcomponents/httpmime/4.1.2/httpmime-4.1.2.jar:/Users/kaleeswaran/.m2/repository/net/sourceforge/htmlunit/htmlunit-core-js/2.9/htmlunit-core-js-2.9.jar:/Users/kaleeswaran/.m2/repository/xerces/xercesImpl/2.9.1/xercesImpl-2.9.1.jar:/Users/kaleeswaran/.m2/repository/xml-apis/xml-apis/1.3.04/xml-apis-1.3.04.jar:/Users/kaleeswaran/.m2/repository/net/sourceforge/nekohtml/nekohtml/1.9.15/nekohtml-1.9.15.jar:/Users/kaleeswaran/.m2/repository/net/sourceforge/cssparser/cssparser/0.9.5/cssparser-0.9.5.jar:/Users/kaleeswaran/.m2/repository/org/w3c/css/sac/1.3/sac-1.3.jar:/Users/kaleeswaran/.m2/repository/commons-logging/commons-logging/1.1.1/commons-logging-1.1.1.jar:/Users/kaleeswaran/.m2/repository/org/apache/httpcomponents/httpclient/4.1.2/httpclient-4.1.2.jar:/Users/kaleeswaran/.m2/repository/org/apache/httpcomponents/httpcore/4.1.2/httpcore-4.1.2.jar:/Users/kaleeswaran/.m2/repository/org/seleniumhq/selenium/selenium-ie-driver/2.21.0/selenium-ie-driver-2.21.0.jar:/Users/kaleeswaran/.m2/repository/net/java/dev/jna/jna/3.4.0/jna-3.4.0.jar:/Users/kaleeswaran/.m2/repository/net/java/dev/jna/platform/3.4.0/platform-3.4.0.jar:/Users/kaleeswaran/.m2/repository/org/seleniumhq/selenium/selenium-iphone-driver/2.21.0/selenium-iphone-driver-2.21.0.jar:/Users/kaleeswaran/.m2/repository/org/seleniumhq/selenium/selenium-safari-driver/2.21.0/selenium-safari-driver-2.21.0.jar:/Users/kaleeswaran/.m2/repository/org/seleniumhq/selenium/selenium-support/2.21.0/selenium-support-2.21.0.jar:/Users/kaleeswaran/.m2/repository/org/webbitserver/webbit/0.4.6/webbit-0.4.6.jar:/Users/kaleeswaran/.m2/repository/org/jboss/netty/netty/3.2.7.Final/netty-3.2.7.Final.jar:/Users/kaleeswaran/.m2/repository/org/seleniumhq/selenium/selenium-firefox-driver/2.21.0/selenium-firefox-driver-2.21.0.jar:/Users/kaleeswaran/.m2/repository/org/seleniumhq/selenium/selenium-remote-driver/2.21.0/selenium-remote-driver-2.21.0.jar:/Users/kaleeswaran/.m2/repository/cglib/cglib-nodep/2.1_3/cglib-nodep-2.1_3.jar:/Users/kaleeswaran/.m2/repository/org/json/json/20080701/json-20080701.jar:/Users/kaleeswaran/.m2/repository/com/google/guava/guava/11.0.1/guava-11.0.1.jar:/Users/kaleeswaran/.m2/repository/com/google/code/findbugs/jsr305/1.3.9/jsr305-1.3.9.jar:/Users/kaleeswaran/.m2/repository/commons-io/commons-io/2.0.1/commons-io-2.0.1.jar:/Users/kaleeswaran/.m2/repository/org/apache/commons/commons-exec/1.1/commons-exec-1.1.jar:/Users/kaleeswaran/.m2/repository/org/seleniumhq/selenium/selenium-server/2.21.0/selenium-server-2.21.0.jar:/Users/kaleeswaran/.m2/repository/org/bouncycastle/bcprov-jdk15on/1.47/bcprov-jdk15on-1.47.jar:/Users/kaleeswaran/.m2/repository/mx4j/mx4j-tools/3.0.1/mx4j-tools-3.0.1.jar:/Users/kaleeswaran/.m2/repository/org/mortbay/jetty/servlet-api-2.5/6.1.9/servlet-api-2.5-6.1.9.jar:/Users/kaleeswaran/.m2/repository/org/seleniumhq/selenium/jetty-repacked/7.6.1/jetty-repacked-7.6.1.jar:/Users/kaleeswaran/.m2/repository/net/jcip/jcip-annotations/1.0/jcip-annotations-1.0.jar:/Users/kaleeswaran/.m2/repository/org/yaml/snakeyaml/1.8/snakeyaml-1.8.jar:/Users/kaleeswaran/.m2/repository/commons-codec/commons-codec/1.6/commons-codec-1.6.jar:"/>
    <property name="java.specification.name" value="Java Platform API Specification"/>
    <property name="java.class.version" value="50.0"/>
    <property name="sun.management.compiler" value="HotSpot 64-Bit Tiered Compilers"/>
    <property name="os.version" value="10.7.2"/>
    <property name="http.nonProxyHosts" value="local|*.local|169.254/16|*.169.254/16"/>
    <property name="user.home" value="/Users/kaleeswaran"/>
    <property name="user.timezone" value="GMT+05:30"/>
    <property name="java.awt.printerjob" value="apple.awt.CPrinterJob"/>
    <property name="java.specification.version" value="1.6"/>
    <property name="file.encoding" value="MacRoman"/>
    <property name="user.name" value="kaleeswaran"/>
    <property name="java.class.path" value="/Users/kaleeswaran/Documents/workspace/corp/target/test-classes:/Users/kaleeswaran/Documents/workspace/corp/target/classes:/Users/kaleeswaran/.m2/repository/junit/junit/4.9/junit-4.9.jar:/Users/kaleeswaran/.m2/repository/org/hamcrest/hamcrest-core/1.1/hamcrest-core-1.1.jar:/Users/kaleeswaran/.m2/repository/org/seleniumhq/selenium/selenium-java/2.21.0/selenium-java-2.21.0.jar:/Users/kaleeswaran/.m2/repository/org/seleniumhq/selenium/selenium-android-driver/2.21.0/selenium-android-driver-2.21.0.jar:/Users/kaleeswaran/.m2/repository/org/seleniumhq/selenium/selenium-chrome-driver/2.21.0/selenium-chrome-driver-2.21.0.jar:/Users/kaleeswaran/.m2/repository/org/seleniumhq/selenium/selenium-htmlunit-driver/2.21.0/selenium-htmlunit-driver-2.21.0.jar:/Users/kaleeswaran/.m2/repository/org/seleniumhq/selenium/selenium-api/2.21.0/selenium-api-2.21.0.jar:/Users/kaleeswaran/.m2/repository/net/sourceforge/htmlunit/htmlunit/2.9/htmlunit-2.9.jar:/Users/kaleeswaran/.m2/repository/xalan/xalan/2.7.1/xalan-2.7.1.jar:/Users/kaleeswaran/.m2/repository/xalan/serializer/2.7.1/serializer-2.7.1.jar:/Users/kaleeswaran/.m2/repository/commons-collections/commons-collections/3.2.1/commons-collections-3.2.1.jar:/Users/kaleeswaran/.m2/repository/commons-lang/commons-lang/2.6/commons-lang-2.6.jar:/Users/kaleeswaran/.m2/repository/org/apache/httpcomponents/httpmime/4.1.2/httpmime-4.1.2.jar:/Users/kaleeswaran/.m2/repository/net/sourceforge/htmlunit/htmlunit-core-js/2.9/htmlunit-core-js-2.9.jar:/Users/kaleeswaran/.m2/repository/xerces/xercesImpl/2.9.1/xercesImpl-2.9.1.jar:/Users/kaleeswaran/.m2/repository/xml-apis/xml-apis/1.3.04/xml-apis-1.3.04.jar:/Users/kaleeswaran/.m2/repository/net/sourceforge/nekohtml/nekohtml/1.9.15/nekohtml-1.9.15.jar:/Users/kaleeswaran/.m2/repository/net/sourceforge/cssparser/cssparser/0.9.5/cssparser-0.9.5.jar:/Users/kaleeswaran/.m2/repository/org/w3c/css/sac/1.3/sac-1.3.jar:/Users/kaleeswaran/.m2/repository/commons-logging/commons-logging/1.1.1/commons-logging-1.1.1.jar:/Users/kaleeswaran/.m2/repository/org/apache/httpcomponents/httpclient/4.1.2/httpclient-4.1.2.jar:/Users/kaleeswaran/.m2/repository/org/apache/httpcomponents/httpcore/4.1.2/httpcore-4.1.2.jar:/Users/kaleeswaran/.m2/repository/org/seleniumhq/selenium/selenium-ie-driver/2.21.0/selenium-ie-driver-2.21.0.jar:/Users/kaleeswaran/.m2/repository/net/java/dev/jna/jna/3.4.0/jna-3.4.0.jar:/Users/kaleeswaran/.m2/repository/net/java/dev/jna/platform/3.4.0/platform-3.4.0.jar:/Users/kaleeswaran/.m2/repository/org/seleniumhq/selenium/selenium-iphone-driver/2.21.0/selenium-iphone-driver-2.21.0.jar:/Users/kaleeswaran/.m2/repository/org/seleniumhq/selenium/selenium-safari-driver/2.21.0/selenium-safari-driver-2.21.0.jar:/Users/kaleeswaran/.m2/repository/org/seleniumhq/selenium/selenium-support/2.21.0/selenium-support-2.21.0.jar:/Users/kaleeswaran/.m2/repository/org/webbitserver/webbit/0.4.6/webbit-0.4.6.jar:/Users/kaleeswaran/.m2/repository/org/jboss/netty/netty/3.2.7.Final/netty-3.2.7.Final.jar:/Users/kaleeswaran/.m2/repository/org/seleniumhq/selenium/selenium-firefox-driver/2.21.0/selenium-firefox-driver-2.21.0.jar:/Users/kaleeswaran/.m2/repository/org/seleniumhq/selenium/selenium-remote-driver/2.21.0/selenium-remote-driver-2.21.0.jar:/Users/kaleeswaran/.m2/repository/cglib/cglib-nodep/2.1_3/cglib-nodep-2.1_3.jar:/Users/kaleeswaran/.m2/repository/org/json/json/20080701/json-20080701.jar:/Users/kaleeswaran/.m2/repository/com/google/guava/guava/11.0.1/guava-11.0.1.jar:/Users/kaleeswaran/.m2/repository/com/google/code/findbugs/jsr305/1.3.9/jsr305-1.3.9.jar:/Users/kaleeswaran/.m2/repository/commons-io/commons-io/2.0.1/commons-io-2.0.1.jar:/Users/kaleeswaran/.m2/repository/org/apache/commons/commons-exec/1.1/commons-exec-1.1.jar:/Users/kaleeswaran/.m2/repository/org/seleniumhq/selenium/selenium-server/2.21.0/selenium-server-2.21.0.jar:/Users/kaleeswaran/.m2/repository/org/bouncycastle/bcprov-jdk15on/1.47/bcprov-jdk15on-1.47.jar:/Users/kaleeswaran/.m2/repository/mx4j/mx4j-tools/3.0.1/mx4j-tools-3.0.1.jar:/Users/kaleeswaran/.m2/repository/org/mortbay/jetty/servlet-api-2.5/6.1.9/servlet-api-2.5-6.1.9.jar:/Users/kaleeswaran/.m2/repository/org/seleniumhq/selenium/jetty-repacked/7.6.1/jetty-repacked-7.6.1.jar:/Users/kaleeswaran/.m2/repository/net/jcip/jcip-annotations/1.0/jcip-annotations-1.0.jar:/Users/kaleeswaran/.m2/repository/org/yaml/snakeyaml/1.8/snakeyaml-1.8.jar:/Users/kaleeswaran/.m2/repository/commons-codec/commons-codec/1.6/commons-codec-1.6.jar:"/>
    <property name="java.vm.specification.version" value="1.0"/>
    <property name="sun.arch.data.model" value="64"/>
    <property name="java.home" value="/System/Library/Java/JavaVirtualMachines/1.6.0.jdk/Contents/Home"/>
    <property name="sun.java.command" value="/Users/kaleeswaran/Documents/workspace/corp/target/surefire/surefirebooter2366867718306887474.jar /Users/kaleeswaran/Documents/workspace/corp/target/surefire/surefire8404294865323518863tmp /Users/kaleeswaran/Documents/workspace/corp/target/surefire/surefire2158184216255362179tmp"/>
    <property name="java.specification.vendor" value="Sun Microsystems Inc."/>
    <property name="user.language" value="en"/>
    <property name="awt.toolkit" value="apple.awt.CToolkit"/>
    <property name="java.vm.info" value="mixed mode"/>
    <property name="java.version" value="1.6.0_29"/>
    <property name="java.ext.dirs" value="/Library/Java/Extensions:/System/Library/Java/Extensions:/System/Library/Java/JavaVirtualMachines/1.6.0.jdk/Contents/Home/lib/ext"/>
    <property name="sun.boot.class.path" value="/System/Library/Java/JavaVirtualMachines/1.6.0.jdk/Contents/Classes/jsfd.jar:/System/Library/Java/JavaVirtualMachines/1.6.0.jdk/Contents/Classes/classes.jar:/System/Library/Frameworks/JavaVM.framework/Frameworks/JavaRuntimeSupport.framework/Resources/Java/JavaRuntimeSupport.jar:/System/Library/Java/JavaVirtualMachines/1.6.0.jdk/Contents/Classes/ui.jar:/System/Library/Java/JavaVirtualMachines/1.6.0.jdk/Contents/Classes/laf.jar:/System/Library/Java/JavaVirtualMachines/1.6.0.jdk/Contents/Classes/sunrsasign.jar:/System/Library/Java/JavaVirtualMachines/1.6.0.jdk/Contents/Classes/jsse.jar:/System/Library/Java/JavaVirtualMachines/1.6.0.jdk/Contents/Classes/jce.jar:/System/Library/Java/JavaVirtualMachines/1.6.0.jdk/Contents/Classes/charsets.jar"/>
    <property name="java.vendor" value="Apple Inc."/>
    <property name="localRepository" value="/Users/kaleeswaran/.m2/repository"/>
    <property name="file.separator" value="/"/>
    <property name="java.vendor.url.bug" value="http://bugreport.apple.com/"/>
    <property name="sun.cpu.endian" value="little"/>
    <property name="sun.io.unicode.encoding" value="UnicodeLittle"/>
    <property name="mrj.version" value="1070.1.6.0_29-402"/>
    <property name="socksNonProxyHosts" value="local|*.local|169.254/16|*.169.254/16"/>
    <property name="ftp.nonProxyHosts" value="local|*.local|169.254/16|*.169.254/16"/>
    <property name="sun.cpu.isalist" value=""/>
  </properties>
  <testcase time="18.785" classname="com.rq.selenium.corp.WhenSearchingForDrupalUsingGoogleTest" name="testClickingLink">
    <failure message="expected:&lt;[Bit Motif » Test Page For Selenium Remote Control]&gt; but was:&lt;[Test Page For Selenium Remote Control « Bit Motif]&gt;" type="junit.framework.ComparisonFailure">junit.framework.ComparisonFailure: expected:&lt;[Bit Motif » Test Page For Selenium Remote Control]&gt; but was:&lt;[Test Page For Selenium Remote Control « Bit Motif]&gt;
	at junit.framework.Assert.assertEquals(Assert.java:85)
	at junit.framework.Assert.assertEquals(Assert.java:91)
	at com.rq.selenium.corp.WhenSearchingForDrupalUsingGoogleTest.testClickingLink(WhenSearchingForDrupalUsingGoogleTest.java:38)
	at sun.reflect.NativeMethodAccessorImpl.invoke0(Native Method)
	at sun.reflect.NativeMethodAccessorImpl.invoke(NativeMethodAccessorImpl.java:39)
	at sun.reflect.DelegatingMethodAccessorImpl.invoke(DelegatingMethodAccessorImpl.java:25)
	at java.lang.reflect.Method.invoke(Method.java:597)
	at junit.framework.TestCase.runTest(TestCase.java:168)
	at junit.framework.TestCase.runBare(TestCase.java:134)
	at junit.framework.TestResult$1.protect(TestResult.java:110)
	at junit.framework.TestResult.runProtected(TestResult.java:128)
	at junit.framework.TestResult.run(TestResult.java:113)
	at junit.framework.TestCase.run(TestCase.java:124)
	at junit.framework.TestSuite.runTest(TestSuite.java:243)
	at junit.framework.TestSuite.run(TestSuite.java:238)
	at org.junit.internal.runners.JUnit38ClassRunner.run(JUnit38ClassRunner.java:83)
	at org.apache.maven.surefire.junit4.JUnit4TestSet.execute(JUnit4TestSet.java:35)
	at org.apache.maven.surefire.junit4.JUnit4Provider.executeTestSet(JUnit4Provider.java:115)
	at org.apache.maven.surefire.junit4.JUnit4Provider.invoke(JUnit4Provider.java:97)
	at sun.reflect.NativeMethodAccessorImpl.invoke0(Native Method)
	at sun.reflect.NativeMethodAccessorImpl.invoke(NativeMethodAccessorImpl.java:39)
	at sun.reflect.DelegatingMethodAccessorImpl.invoke(DelegatingMethodAccessorImpl.java:25)
	at java.lang.reflect.Method.invoke(Method.java:597)
	at org.apache.maven.surefire.booter.ProviderFactory$ClassLoaderProxy.invoke(ProviderFactory.java:103)
	at $Proxy0.invoke(Unknown Source)
	at org.apache.maven.surefire.booter.SurefireStarter.invokeProvider(SurefireStarter.java:150)
	at org.apache.maven.surefire.booter.SurefireStarter.runSuitesInProcess(SurefireStarter.java:91)
	at org.apache.maven.surefire.booter.ForkedBooter.main(ForkedBooter.java:69)
</failure>
    <system-out>@HL
@HL-------------------------------------------------------
@HL T E S T S
@HL-------------------------------------------------------
@SLRunning com.rq.selenium.corp.WhenSearchingForDrupalUsingGoogleTest
11:45:54.967 INFO - Java: Apple Inc. 20.4-b02-402
11:45:54.970 INFO - OS: Mac OS X 10.7.2 x86_64
11:45:54.976 INFO - v2.21.0, with Core v2.21.0. Built from revision 16551
11:45:55.146 INFO - RemoteWebDriver instances should connect to: http://127.0.0.1:4444/wd/hub
11:45:55.147 INFO - Version Jetty/5.1.x
11:45:55.148 INFO - Started HttpContext[/selenium-server/driver,/selenium-server/driver]
11:45:55.150 INFO - Started HttpContext[/selenium-server,/selenium-server]
11:45:55.150 INFO - Started HttpContext[/,/]
11:45:55.214 INFO - Started org.openqa.jetty.jetty.servlet.ServletHandler@2e297ffb
11:45:55.214 INFO - Started HttpContext[/wd,/wd]
11:45:55.224 INFO - Started SocketListener on 0.0.0.0:4444
11:45:55.225 INFO - Started org.openqa.jetty.jetty.Server@2fb3f8f6
11:45:55.303 INFO - Checking Resource aliases
11:45:55.310 INFO - Command request: getNewBrowserSession[*firefox, http://www.bitmotif.com, ] on session null
11:45:55.315 INFO - creating new remote session
11:45:55.341 INFO - Allocated session 6eaa6bc725404068a7288b5ed4dd1ed3 for http://www.bitmotif.com, launching...
11:45:55.409 INFO - Preparing Firefox profile...
11:45:57.625 INFO - Launching Firefox...
11:46:00.747 INFO - Got result: OK,6eaa6bc725404068a7288b5ed4dd1ed3 on session 6eaa6bc725404068a7288b5ed4dd1ed3
11:46:00.755 INFO - Command request: open[http://www.bitmotif.com, ] on session 6eaa6bc725404068a7288b5ed4dd1ed3
11:46:05.097 INFO - Got result: OK on session 6eaa6bc725404068a7288b5ed4dd1ed3
11:46:05.100 INFO - Command request: click[link=Test Page For Selenium Remote Control, ] on session 6eaa6bc725404068a7288b5ed4dd1ed3
11:46:05.114 INFO - Got result: OK on session 6eaa6bc725404068a7288b5ed4dd1ed3
11:46:05.117 INFO - Command request: waitForPageToLoad[60000, ] on session 6eaa6bc725404068a7288b5ed4dd1ed3
11:46:07.862 INFO - Got result: OK on session 6eaa6bc725404068a7288b5ed4dd1ed3
11:46:07.865 INFO - Command request: getTitle[, ] on session 6eaa6bc725404068a7288b5ed4dd1ed3
11:46:07.903 INFO - Got result: OK,Test Page For Selenium Remote Control « Bit Motif on session 6eaa6bc725404068a7288b5ed4dd1ed3
11:46:07.906 INFO - Command request: testComplete[, ] on session 6eaa6bc725404068a7288b5ed4dd1ed3
11:46:07.906 INFO - Killing Firefox...
11:46:08.098 INFO - Got result: OK on session 6eaa6bc725404068a7288b5ed4dd1ed3
11:46:08.100 INFO - Stopping Acceptor ServerSocket[addr=0.0.0.0/0.0.0.0,port=0,localport=4444]
11:46:08.200 INFO - Stopped SocketListener on 0.0.0.0:4444
11:46:08.245 INFO - Stopped HttpContext[/selenium-server/driver,/selenium-server/driver]
11:46:08.279 INFO - Stopped HttpContext[/selenium-server,/selenium-server]
11:46:08.312 INFO - Stopped HttpContext[/,/]
11:46:08.312 INFO - Stopped org.openqa.jetty.jetty.servlet.ServletHandler@2e297ffb
11:46:08.350 INFO - Stopped HttpContext[/wd,/wd]
11:46:08.350 INFO - Stopped org.openqa.jetty.jetty.Server@2fb3f8f6
</system-out>
  </testcase>
</testsuite>